Determining if the pthread_create exist failed with the following output:
Change Dir: /home/rushi/catkin_ws/build/CMakeFiles/CMakeTmp

Run Build Command:"/usr/bin/make" "cmTC_30676/fast"
/usr/bin/make -f CMakeFiles/cmTC_30676.dir/build.make CMakeFiles/cmTC_30676.dir/build
make[1]: Entering directory '/home/rushi/catkin_ws/build/CMakeFiles/CMakeTmp'
Building C object CMakeFiles/cmTC_30676.dir/CheckSymbolExists.c.o
/usr/bin/cc    -o CMakeFiles/cmTC_30676.dir/CheckSymbolExists.c.o   -c /home/rushi/catkin_ws/build/CMakeFiles/CMakeTmp/CheckSymbolExists.c
Linking C executable cmTC_30676
/usr/bin/cmake -E cmake_link_script CMakeFiles/cmTC_30676.dir/link.txt --verbose=1
/usr/bin/cc      -rdynamic CMakeFiles/cmTC_30676.dir/CheckSymbolExists.c.o  -o cmTC_30676 
CMakeFiles/cmTC_30676.dir/CheckSymbolExists.c.o: In function `main':
CheckSymbolExists.c:(.text+0x1b): undefined reference to `pthread_create'
collect2: error: ld returned 1 exit status
CMakeFiles/cmTC_30676.dir/build.make:97: recipe for target 'cmTC_30676' failed
make[1]: *** [cmTC_30676] Error 1
make[1]: Leaving directory '/home/rushi/catkin_ws/build/CMakeFiles/CMakeTmp'
Makefile:126: recipe for target 'cmTC_30676/fast' failed
make: *** [cmTC_30676/fast] Error 2

File /home/rushi/catkin_ws/build/CMakeFiles/CMakeTmp/CheckSymbolExists.c:
/* */
#include <pthread.h>

int main(int argc, char** argv)
{
  (void)argv;
#ifndef pthread_create
  return ((int*)(&pthread_create))[argc];
#else
  (void)argc;
  return 0;
#endif
}

Determining if the function pthread_create exists in the pthreads failed with the following output:
Change Dir: /home/rushi/catkin_ws/build/CMakeFiles/CMakeTmp

Run Build Command:"/usr/bin/make" "cmTC_38542/fast"
/usr/bin/make -f CMakeFiles/cmTC_38542.dir/build.make CMakeFiles/cmTC_38542.dir/build
make[1]: Entering directory '/home/rushi/catkin_ws/build/CMakeFiles/CMakeTmp'
Building C object CMakeFiles/cmTC_38542.dir/CheckFunctionExists.c.o
/usr/bin/cc   -DCHECK_FUNCTION_EXISTS=pthread_create   -o CMakeFiles/cmTC_38542.dir/CheckFunctionExists.c.o   -c /usr/share/cmake-3.10/Modules/CheckFunctionExists.c
Linking C executable cmTC_38542
/usr/bin/cmake -E cmake_link_script CMakeFiles/cmTC_38542.dir/link.txt --verbose=1
/usr/bin/cc  -DCHECK_FUNCTION_EXISTS=pthread_create    -rdynamic CMakeFiles/cmTC_38542.dir/CheckFunctionExists.c.o  -o cmTC_38542 -lpthreads 
/usr/bin/ld: cannot find -lpthreads
collect2: error: ld returned 1 exit status
CMakeFiles/cmTC_38542.dir/build.make:97: recipe for target 'cmTC_38542' failed
make[1]: *** [cmTC_38542] Error 1
make[1]: Leaving directory '/home/rushi/catkin_ws/build/CMakeFiles/CMakeTmp'
Makefile:126: recipe for target 'cmTC_38542/fast' failed
make: *** [cmTC_38542/fast] Error 2


